<?xml version="1.0" encoding="UTF-8"?>
<testsuite name="ATB6xRestAssuredAPIs"
           tests="2"
           failures="0"
           errors="0"
           skipped="0"
           time="8.455">
    <properties></properties>



            <testcase
                name="testNonBDDStylePOSTNegative"
                time="5.759"
                classname="com.thetestingacademy.ex_27062024.payloadFile.Lab298">
            </testcase>
            <testcase
                name="testNonBDDStylePOSTPositive"
                time="2.696"
                classname="com.thetestingacademy.ex_27062024.payloadFile.Lab298">
            </testcase>
</testsuite>
