<?xml version="1.0" encoding="UTF-8"?>
<testsuite name="C:/Users/SP/IdeaProjects/ATB6xRestAssuredAPIs"
           tests="3"
           failures="0"
           errors="0"
           skipped="0"
           time="0.008">
    <properties></properties>



            <testcase
                name="getRequest3"
                time="0.003"
                classname="com.thetestingacademy.testng.Lab262">
            </testcase>
            <testcase
                name="getRequest1"
                time="0.001"
                classname="com.thetestingacademy.testng.Lab262">
            </testcase>
            <testcase
                name="getRequest2"
                time="0.004"
                classname="com.thetestingacademy.testng.Lab262">
            </testcase>
</testsuite>
