<?xml version="1.0" encoding="UTF-8"?>
<testsuite name="ATB6xRestAssuredAPIs"
           tests="2"
           failures="0"
           errors="0"
           skipped="0"
           time="3.904">
    <properties></properties>



            <testcase
                name="testNonBDDStylePOSTPositive"
                time="1.141"
                classname="com.thetestingacademy.ex_22062024.CRUD.POST.Lab272">
            </testcase>
            <testcase
                name="testNonBDDStylePOSTNegative"
                time="2.763"
                classname="com.thetestingacademy.ex_22062024.CRUD.POST.Lab272">
            </testcase>
</testsuite>
